<?xml version="1.0" encoding="UTF-8"?>
<!-- Generated by org.testng.reporters.JUnitXMLReporter -->
<testsuite hostname="User-PC" ignored="0" name="Surefire test" tests="3" failures="0" timestamp="2020-05-07T19:52:08 BST" time="171.378" errors="0">
  <testcase name="TestrunScenario" time="79.798" classname="com.prolian.test.runners.AbstractTestNGCucumberTestsCustom"/>
  <testcase name="TestrunScenario" time="28.383" classname="com.prolian.test.runners.AbstractTestNGCucumberTestsCustom"/>
  <testcase name="TestrunScenario" time="62.505" classname="com.prolian.test.runners.AbstractTestNGCucumberTestsCustom"/>
</testsuite> <!-- Surefire test -->
