<?xml version="1.0" encoding="UTF-8"?>
<testng-results skipped="0" failed="0" ignored="0" total="3" passed="3">
  <reporter-output>
    <line>
      <![CDATA[<div "result">The User is on the selfRidges Homepage (PASSED : 11s)</div>]]>
    </line>
    <line>
      <![CDATA[<div "result">User navigate to &quot;Bag&quot; of &quot;&lt;product&gt;&quot; (PASSED : 4s)</div>]]>
    </line>
    <line>
      <![CDATA[<div "result">Content sections Delivery and Returns should not be visible (PASSED : 60s)</div>]]>
    </line>
    <line>
      <![CDATA[<div "result">I should see empty shoping bag (PASSED : 0s)</div>]]>
    </line>
    <line>
      <![CDATA[<div "result">User click on Continue shopping button (PASSED : 3s)</div>]]>
    </line>
    <line>
      <![CDATA[<div "result">User is navigated to HomePage in same Window (PASSED : 0s)</div>]]>
    </line>
    <line>
      <![CDATA[<div "result">The User is on the selfRidges Homepage (PASSED : 0s)</div>]]>
    </line>
    <line>
      <![CDATA[<div "result">User navigate to &quot;PDP&quot; of &quot;Image&amp;Edit&quot; (PASSED : 2s)</div>]]>
    </line>
    <line>
      <![CDATA[<div "result">I add 1 Products with &quot;Image&amp;Edit&quot; type (PASSED : 2s)</div>]]>
    </line>
    <line>
      <![CDATA[<div "result">User Click on Checkout Toast on PDP Page (PASSED : 3s)</div>]]>
    </line>
    <line>
      <![CDATA[<div "result">Edit link for the product &quot;should&quot; be displayed (PASSED : 20s)</div>]]>
    </line>
    <line>
      <![CDATA[<div "result">the User selects to remove all products in the bag (PASSED : 0s)</div>]]>
    </line>
    <line>
      <![CDATA[<div "result">The User is on the selfRidges Homepage (PASSED : 3s)</div>]]>
    </line>
    <line>
      <![CDATA[<div "result">User navigate to &quot;PDP&quot; of &quot;NoEdit&quot; (PASSED : 2s)</div>]]>
    </line>
    <line>
      <![CDATA[<div "result">I add 1 Products with &quot;NoEdit&quot; type (PASSED : 2s)</div>]]>
    </line>
    <line>
      <![CDATA[<div "result">User Click on Checkout Toast on PDP Page (PASSED : 3s)</div>]]>
    </line>
    <line>
      <![CDATA[<div "result">Edit link for the product &quot;should not&quot; be displayed (PASSED : 50s)</div>]]>
    </line>
    <line>
      <![CDATA[<div "result">the User selects to remove all products in the bag (PASSED : 0s)</div>]]>
    </line>
  </reporter-output>
  <suite name="Surefire suite" duration-ms="171378" started-at="2020-05-07T19:49:16 BST" finished-at="2020-05-07T19:52:08 BST">
    <groups>
      <group name="cucumber">
        <method signature="AbstractTestNGCucumberTestsCustom.TestrunScenario(cucumber.api.testng.PickleEventWrapper, cucumber.api.testng.CucumberFeatureWrapper)[pri:0, instance:com.prolian.test.runners.AbstractTestNGCucumberTestsCustom@5abca1e0]" name="TestrunScenario" class="com.prolian.test.runners.AbstractTestNGCucumberTestsCustom"/>
      </group> <!-- cucumber -->
    </groups>
    <test name="Surefire test" duration-ms="171378" started-at="2020-05-07T19:49:16 BST" finished-at="2020-05-07T19:52:08 BST">
      <class name="com.prolian.test.runners.AbstractTestNGCucumberTestsCustom">
        <test-method status="PASS" signature="setUpClass()[pri:0, instance:com.prolian.test.runners.AbstractTestNGCucumberTestsCustom@5abca1e0]" name="setUpClass" is-config="true" duration-ms="537" started-at="2020-05-07T19:49:16 BST" finished-at="2020-05-07T19:49:17 BST">
          <reporter-output>
          </reporter-output>
        </test-method> <!-- setUpClass -->
        <test-method status="PASS" signature="TestrunScenario(cucumber.api.testng.PickleEventWrapper, cucumber.api.testng.CucumberFeatureWrapper)[pri:0, instance:com.prolian.test.runners.AbstractTestNGCucumberTestsCustom@5abca1e0]" name="TestrunScenario" duration-ms="79798" started-at="2020-05-07T19:49:17 BST" description="Runs Cucumber Scenarios" data-provider="scenarios" finished-at="2020-05-07T19:50:37 BST">
          <params>
            <param index="0">
              <value>
                <![CDATA["Verify the Shopping bag and Order summary on Empty Bag"]]>
              </value>
            </param>
            <param index="1">
              <value>
                <![CDATA["Product Bag features"]]>
              </value>
            </param>
          </params>
          <reporter-output>
            <line>
              <![CDATA[<div "result">The User is on the selfRidges Homepage (PASSED : 11s)</div>]]>
            </line>
            <line>
              <![CDATA[<div "result">User navigate to &quot;Bag&quot; of &quot;&lt;product&gt;&quot; (PASSED : 4s)</div>]]>
            </line>
            <line>
              <![CDATA[<div "result">Content sections Delivery and Returns should not be visible (PASSED : 60s)</div>]]>
            </line>
            <line>
              <![CDATA[<div "result">I should see empty shoping bag (PASSED : 0s)</div>]]>
            </line>
            <line>
              <![CDATA[<div "result">User click on Continue shopping button (PASSED : 3s)</div>]]>
            </line>
            <line>
              <![CDATA[<div "result">User is navigated to HomePage in same Window (PASSED : 0s)</div>]]>
            </line>
          </reporter-output>
        </test-method> <!-- TestrunScenario -->
        <test-method status="PASS" signature="TestrunScenario(cucumber.api.testng.PickleEventWrapper, cucumber.api.testng.CucumberFeatureWrapper)[pri:0, instance:com.prolian.test.runners.AbstractTestNGCucumberTestsCustom@5abca1e0]" name="TestrunScenario" duration-ms="28383" started-at="2020-05-07T19:50:37 BST" description="Runs Cucumber Scenarios" data-provider="scenarios" finished-at="2020-05-07T19:51:05 BST">
          <params>
            <param index="0">
              <value>
                <![CDATA["Verify the Edit Links for Products are working as expected"]]>
              </value>
            </param>
            <param index="1">
              <value>
                <![CDATA["Product Bag features"]]>
              </value>
            </param>
          </params>
          <reporter-output>
            <line>
              <![CDATA[<div "result">The User is on the selfRidges Homepage (PASSED : 0s)</div>]]>
            </line>
            <line>
              <![CDATA[<div "result">User navigate to &quot;PDP&quot; of &quot;Image&amp;Edit&quot; (PASSED : 2s)</div>]]>
            </line>
            <line>
              <![CDATA[<div "result">I add 1 Products with &quot;Image&amp;Edit&quot; type (PASSED : 2s)</div>]]>
            </line>
            <line>
              <![CDATA[<div "result">User Click on Checkout Toast on PDP Page (PASSED : 3s)</div>]]>
            </line>
            <line>
              <![CDATA[<div "result">Edit link for the product &quot;should&quot; be displayed (PASSED : 20s)</div>]]>
            </line>
            <line>
              <![CDATA[<div "result">the User selects to remove all products in the bag (PASSED : 0s)</div>]]>
            </line>
          </reporter-output>
        </test-method> <!-- TestrunScenario -->
        <test-method status="PASS" signature="TestrunScenario(cucumber.api.testng.PickleEventWrapper, cucumber.api.testng.CucumberFeatureWrapper)[pri:0, instance:com.prolian.test.runners.AbstractTestNGCucumberTestsCustom@5abca1e0]" name="TestrunScenario" duration-ms="62505" started-at="2020-05-07T19:51:05 BST" description="Runs Cucumber Scenarios" data-provider="scenarios" finished-at="2020-05-07T19:52:07 BST">
          <params>
            <param index="0">
              <value>
                <![CDATA["Verify the Edit Links for Products are working as expected"]]>
              </value>
            </param>
            <param index="1">
              <value>
                <![CDATA["Product Bag features"]]>
              </value>
            </param>
          </params>
          <reporter-output>
            <line>
              <![CDATA[<div "result">The User is on the selfRidges Homepage (PASSED : 3s)</div>]]>
            </line>
            <line>
              <![CDATA[<div "result">User navigate to &quot;PDP&quot; of &quot;NoEdit&quot; (PASSED : 2s)</div>]]>
            </line>
            <line>
              <![CDATA[<div "result">I add 1 Products with &quot;NoEdit&quot; type (PASSED : 2s)</div>]]>
            </line>
            <line>
              <![CDATA[<div "result">User Click on Checkout Toast on PDP Page (PASSED : 3s)</div>]]>
            </line>
            <line>
              <![CDATA[<div "result">Edit link for the product &quot;should not&quot; be displayed (PASSED : 50s)</div>]]>
            </line>
            <line>
              <![CDATA[<div "result">the User selects to remove all products in the bag (PASSED : 0s)</div>]]>
            </line>
          </reporter-output>
        </test-method> <!-- TestrunScenario -->
        <test-method status="PASS" signature="tearDownClass()[pri:0, instance:com.prolian.test.runners.AbstractTestNGCucumberTestsCustom@5abca1e0]" name="tearDownClass" is-config="true" duration-ms="23" started-at="2020-05-07T19:52:07 BST" finished-at="2020-05-07T19:52:08 BST">
          <reporter-output>
          </reporter-output>
        </test-method> <!-- tearDownClass -->
      </class> <!-- com.prolian.test.runners.AbstractTestNGCucumberTestsCustom -->
    </test> <!-- Surefire test -->
  </suite> <!-- Surefire suite -->
</testng-results>
